<?xml version="1.0" encoding="UTF-8"?>
<coverage generated="1765974477850" clover="3.2.0">
  <project timestamp="1765974477850" name="All files">
    <metrics statements="32" coveredstatements="27" conditionals="30" coveredconditionals="18" methods="11" coveredmethods="9" elements="73" coveredelements="54" complexity="0" loc="32" ncloc="32" packages="1" files="2" classes="2"/>
    <file name="TaskForm.tsx" path="/Users/vinod.byakod/Desktop/repo/assignment/task-manager/frontend/src/components/TaskForm.tsx">
      <metrics statements="26" coveredstatements="22" conditionals="24" coveredconditionals="14" methods="7" coveredmethods="5"/>
      <line num="12" count="1" type="stmt"/>
      <line num="18" count="1" type="stmt"/>
      <line num="26" count="17" type="stmt"/>
      <line num="27" count="17" type="stmt"/>
      <line num="29" count="17" type="stmt"/>
      <line num="31" count="17" type="stmt"/>
      <line num="33" count="0" type="stmt"/>
      <line num="38" count="2" type="stmt"/>
      <line num="40" count="2" type="stmt"/>
      <line num="44" count="2" type="stmt"/>
      <line num="46" count="2" type="stmt"/>
      <line num="47" count="2" type="cond" truecount="2" falsecount="0"/>
      <line num="48" count="1" type="cond" truecount="1" falsecount="1"/>
      <line num="51" count="0" type="stmt"/>
      <line num="54" count="2" type="stmt"/>
      <line num="55" count="2" type="stmt"/>
      <line num="59" count="2" type="stmt"/>
      <line num="60" count="2" type="cond" truecount="2" falsecount="0"/>
      <line num="67" count="1" type="stmt"/>
      <line num="73" count="2" type="stmt"/>
      <line num="76" count="17" type="stmt"/>
      <line num="86" count="7" type="stmt"/>
      <line num="97" count="4" type="stmt"/>
      <line num="108" count="0" type="stmt"/>
      <line num="111" count="51" type="stmt"/>
      <line num="125" count="0" type="cond" truecount="0" falsecount="2"/>
    </file>
    <file name="TaskList.tsx" path="/Users/vinod.byakod/Desktop/repo/assignment/task-manager/frontend/src/components/TaskList.tsx">
      <metrics statements="6" coveredstatements="5" conditionals="6" coveredconditionals="4" methods="4" coveredmethods="4"/>
      <line num="22" count="0" type="stmt"/>
      <line num="30" count="2" type="stmt"/>
      <line num="47" count="2" type="cond" truecount="1" falsecount="1"/>
      <line num="54" count="1" type="stmt"/>
      <line num="67" count="1" type="stmt"/>
      <line num="74" count="1" type="stmt"/>
    </file>
  </project>
</coverage>
