{"/Users/vinod.byakod/Desktop/repo/assignment/task-manager/frontend/src/components/TaskForm.tsx": {"path":"/Users/vinod.byakod/Desktop/repo/assignment/task-manager/frontend/src/components/TaskForm.tsx","statementMap":{"0":{"start":{"line":12,"column":36},"end":{"line":12,"column":null}},"1":{"start":{"line":18,"column":24},"end":{"line":23,"column":null}},"2":{"start":{"line":26,"column":15},"end":{"line":26,"column":51}},"3":{"start":{"line":27,"column":17},"end":{"line":27,"column":66}},"4":{"start":{"line":29,"column":8},"end":{"line":29,"column":63}},"5":{"start":{"line":29,"column":31},"end":{"line":29,"column":51}},"6":{"start":{"line":31,"column":2},"end":{"line":41,"column":null}},"7":{"start":{"line":33,"column":6},"end":{"line":36,"column":null}},"8":{"start":{"line":38,"column":6},"end":{"line":38,"column":null}},"9":{"start":{"line":40,"column":4},"end":{"line":40,"column":null}},"10":{"start":{"line":44,"column":38},"end":{"line":44,"column":40}},"11":{"start":{"line":46,"column":18},"end":{"line":46,"column":35}},"12":{"start":{"line":47,"column":4},"end":{"line":48,"column":null}},"13":{"start":{"line":47,"column":16},"end":{"line":47,"column":null}},"14":{"start":{"line":48,"column":13},"end":{"line":48,"column":null}},"15":{"start":{"line":48,"column":33},"end":{"line":48,"column":null}},"16":{"start":{"line":51,"column":6},"end":{"line":51,"column":null}},"17":{"start":{"line":54,"column":4},"end":{"line":54,"column":null}},"18":{"start":{"line":55,"column":4},"end":{"line":55,"column":null}},"19":{"start":{"line":59,"column":4},"end":{"line":59,"column":null}},"20":{"start":{"line":60,"column":4},"end":{"line":60,"column":null}},"21":{"start":{"line":60,"column":21},"end":{"line":60,"column":null}},"22":{"start":{"line":67,"column":29},"end":{"line":71,"column":null}},"23":{"start":{"line":73,"column":4},"end":{"line":73,"column":null}},"24":{"start":{"line":76,"column":2},"end":{"line":139,"column":null}},"25":{"start":{"line":86,"column":27},"end":{"line":86,"column":70}},"26":{"start":{"line":97,"column":27},"end":{"line":97,"column":76}},"27":{"start":{"line":108,"column":27},"end":{"line":108,"column":85}},"28":{"start":{"line":111,"column":12},"end":{"line":113,"column":null}},"29":{"start":{"line":125,"column":12},"end":{"line":125,"column":null}}},"fnMap":{"0":{"name":"(anonymous_0)","decl":{"start":{"line":29,"column":17},"end":{"line":29,"column":31}},"loc":{"start":{"line":29,"column":31},"end":{"line":29,"column":51}},"line":29},"1":{"name":"(anonymous_1)","decl":{"start":{"line":31,"column":2},"end":{"line":31,"column":18}},"loc":{"start":{"line":31,"column":18},"end":{"line":41,"column":6}},"line":31},"2":{"name":"(anonymous_2)","decl":{"start":{"line":86,"column":10},"end":{"line":86,"column":21}},"loc":{"start":{"line":86,"column":27},"end":{"line":86,"column":70}},"line":86},"3":{"name":"(anonymous_3)","decl":{"start":{"line":97,"column":10},"end":{"line":97,"column":21}},"loc":{"start":{"line":97,"column":27},"end":{"line":97,"column":76}},"line":97},"4":{"name":"(anonymous_4)","decl":{"start":{"line":108,"column":10},"end":{"line":108,"column":21}},"loc":{"start":{"line":108,"column":27},"end":{"line":108,"column":85}},"line":108},"5":{"name":"(anonymous_5)","decl":{"start":{"line":110,"column":25},"end":{"line":110,"column":30}},"loc":{"start":{"line":111,"column":12},"end":{"line":113,"column":null}},"line":111},"6":{"name":"(anonymous_6)","decl":{"start":{"line":124,"column":10},"end":{"line":124,"column":21}},"loc":{"start":{"line":125,"column":12},"end":{"line":125,"column":null}},"line":125}},"branchMap":{"0":{"loc":{"start":{"line":35,"column":17},"end":{"line":35,"column":null}},"type":"binary-expr","locations":[{"start":{"line":35,"column":17},"end":{"line":35,"column":36}},{"start":{"line":35,"column":36},"end":{"line":35,"column":null}}],"line":35},"1":{"loc":{"start":{"line":47,"column":4},"end":{"line":48,"column":null}},"type":"if","locations":[{"start":{"line":47,"column":4},"end":{"line":48,"column":null}},{"start":{"line":48,"column":13},"end":{"line":48,"column":null}}],"line":47},"2":{"loc":{"start":{"line":48,"column":13},"end":{"line":48,"column":null}},"type":"if","locations":[{"start":{"line":48,"column":13},"end":{"line":48,"column":null}},{"start":{},"end":{}}],"line":48},"3":{"loc":{"start":{"line":50,"column":8},"end":{"line":50,"column":59}},"type":"binary-expr","locations":[{"start":{"line":50,"column":8},"end":{"line":50,"column":28}},{"start":{"line":50,"column":28},"end":{"line":50,"column":59}}],"line":50},"4":{"loc":{"start":{"line":60,"column":4},"end":{"line":60,"column":null}},"type":"if","locations":[{"start":{"line":60,"column":4},"end":{"line":60,"column":null}},{"start":{},"end":{}}],"line":60},"5":{"loc":{"start":{"line":70,"column":15},"end":{"line":70,"column":null}},"type":"cond-expr","locations":[{"start":{"line":70,"column":30},"end":{"line":70,"column":45}},{"start":{"line":70,"column":45},"end":{"line":70,"column":null}}],"line":70},"6":{"loc":{"start":{"line":78,"column":11},"end":{"line":78,"column":54}},"type":"cond-expr","locations":[{"start":{"line":78,"column":20},"end":{"line":78,"column":34}},{"start":{"line":78,"column":34},"end":{"line":78,"column":54}}],"line":78},"7":{"loc":{"start":{"line":96,"column":17},"end":{"line":96,"column":null}},"type":"binary-expr","locations":[{"start":{"line":96,"column":17},"end":{"line":96,"column":37}},{"start":{"line":96,"column":37},"end":{"line":96,"column":null}}],"line":96},"8":{"loc":{"start":{"line":123,"column":17},"end":{"line":123,"column":null}},"type":"binary-expr","locations":[{"start":{"line":123,"column":17},"end":{"line":123,"column":33}},{"start":{"line":123,"column":33},"end":{"line":123,"column":null}}],"line":123},"9":{"loc":{"start":{"line":125,"column":40},"end":{"line":125,"column":85}},"type":"cond-expr","locations":[{"start":{"line":125,"column":57},"end":{"line":125,"column":74}},{"start":{"line":125,"column":74},"end":{"line":125,"column":85}}],"line":125},"10":{"loc":{"start":{"line":131,"column":31},"end":{"line":131,"column":67}},"type":"cond-expr","locations":[{"start":{"line":131,"column":40},"end":{"line":131,"column":49}},{"start":{"line":131,"column":49},"end":{"line":131,"column":67}}],"line":131},"11":{"loc":{"start":{"line":133,"column":9},"end":{"line":136,"column":null}},"type":"binary-expr","locations":[{"start":{"line":133,"column":9},"end":{"line":133,"column":null}},{"start":{"line":134,"column":10},"end":{"line":136,"column":null}}],"line":133}},"s":{"0":1,"1":1,"2":17,"3":17,"4":17,"5":2,"6":17,"7":0,"8":2,"9":2,"10":2,"11":2,"12":2,"13":1,"14":1,"15":0,"16":0,"17":2,"18":2,"19":2,"20":2,"21":1,"22":1,"23":2,"24":17,"25":7,"26":4,"27":0,"28":51,"29":0},"f":{"0":2,"1":2,"2":7,"3":4,"4":0,"5":51,"6":0},"b":{"0":[0,0],"1":[1,1],"2":[0,1],"3":[2,1],"4":[1,1],"5":[0,1],"6":[0,17],"7":[17,0],"8":[17,17],"9":[0,0],"10":[0,17],"11":[17,0]},"meta":{"lastBranch":12,"lastFunction":7,"lastStatement":30,"seen":{"s:12:36:12:Infinity":0,"s:18:24:23:Infinity":1,"s:26:15:26:51":2,"s:27:17:27:66":3,"s:29:8:29:63":4,"f:29:17:29:31":0,"s:29:31:29:51":5,"s:31:2:41:Infinity":6,"f:31:2:31:18":1,"s:33:6:36:Infinity":7,"b:35:17:35:36:35:36:35:Infinity":0,"s:38:6:38:Infinity":8,"s:40:4:40:Infinity":9,"s:44:38:44:40":10,"s:46:18:46:35":11,"b:47:4:48:Infinity:48:13:48:Infinity":1,"s:47:4:48:Infinity":12,"s:47:16:47:Infinity":13,"b:48:13:48:Infinity:undefined:undefined:undefined:undefined":2,"s:48:13:48:Infinity":14,"s:48:33:48:Infinity":15,"b:50:8:50:28:50:28:50:59":3,"s:51:6:51:Infinity":16,"s:54:4:54:Infinity":17,"s:55:4:55:Infinity":18,"s:59:4:59:Infinity":19,"b:60:4:60:Infinity:undefined:undefined:undefined:undefined":4,"s:60:4:60:Infinity":20,"s:60:21:60:Infinity":21,"s:67:29:71:Infinity":22,"b:70:30:70:45:70:45:70:Infinity":5,"s:73:4:73:Infinity":23,"s:76:2:139:Infinity":24,"b:78:20:78:34:78:34:78:54":6,"f:86:10:86:21":2,"s:86:27:86:70":25,"b:96:17:96:37:96:37:96:Infinity":7,"f:97:10:97:21":3,"s:97:27:97:76":26,"f:108:10:108:21":4,"s:108:27:108:85":27,"f:110:25:110:30":5,"s:111:12:113:Infinity":28,"b:123:17:123:33:123:33:123:Infinity":8,"f:124:10:124:21":6,"s:125:12:125:Infinity":29,"b:125:57:125:74:125:74:125:85":9,"b:131:40:131:49:131:49:131:67":10,"b:133:9:133:Infinity:134:10:136:Infinity":11}}}
,"/Users/vinod.byakod/Desktop/repo/assignment/task-manager/frontend/src/components/TaskList.tsx": {"path":"/Users/vinod.byakod/Desktop/repo/assignment/task-manager/frontend/src/components/TaskList.tsx","statementMap":{"0":{"start":{"line":22,"column":4},"end":{"line":26,"column":null}},"1":{"start":{"line":30,"column":2},"end":{"line":84,"column":null}},"2":{"start":{"line":47,"column":12},"end":{"line":80,"column":null}},"3":{"start":{"line":54,"column":35},"end":{"line":54,"column":82}},"4":{"start":{"line":67,"column":55},"end":{"line":67,"column":64}},"5":{"start":{"line":74,"column":35},"end":{"line":74,"column":46}}},"fnMap":{"0":{"name":"(anonymous_0)","decl":{"start":{"line":46,"column":17},"end":{"line":46,"column":22}},"loc":{"start":{"line":47,"column":12},"end":{"line":80,"column":null}},"line":47},"1":{"name":"(anonymous_1)","decl":{"start":{"line":54,"column":18},"end":{"line":54,"column":29}},"loc":{"start":{"line":54,"column":35},"end":{"line":54,"column":82}},"line":54},"2":{"name":"(anonymous_2)","decl":{"start":{"line":67,"column":40},"end":{"line":67,"column":55}},"loc":{"start":{"line":67,"column":55},"end":{"line":67,"column":64}},"line":67},"3":{"name":"(anonymous_3)","decl":{"start":{"line":74,"column":20},"end":{"line":74,"column":35}},"loc":{"start":{"line":74,"column":35},"end":{"line":74,"column":46}},"line":74}},"branchMap":{"0":{"loc":{"start":{"line":49,"column":19},"end":{"line":49,"column":45}},"type":"binary-expr","locations":[{"start":{"line":49,"column":19},"end":{"line":49,"column":36}},{"start":{"line":49,"column":36},"end":{"line":49,"column":45}}],"line":49},"1":{"loc":{"start":{"line":63,"column":19},"end":{"line":63,"column":52}},"type":"cond-expr","locations":[{"start":{"line":63,"column":31},"end":{"line":63,"column":43}},{"start":{"line":63,"column":43},"end":{"line":63,"column":52}}],"line":63},"2":{"loc":{"start":{"line":47,"column":21},"end":{"line":47,"column":null}},"type":"binary-expr","locations":[{"start":{"line":47,"column":21},"end":{"line":47,"column":29}},{"start":{"line":47,"column":29},"end":{"line":47,"column":null}}],"line":47}},"s":{"0":0,"1":2,"2":2,"3":1,"4":1,"5":1},"f":{"0":2,"1":1,"2":1,"3":1},"b":{"0":[2,0],"1":[1,1],"2":[2,0]},"meta":{"lastBranch":3,"lastFunction":4,"lastStatement":6,"seen":{"s:22:4:26:Infinity":0,"s:30:2:84:Infinity":1,"f:46:17:46:22":0,"s:47:12:80:Infinity":2,"b:49:19:49:36:49:36:49:45":0,"f:54:18:54:29":1,"s:54:35:54:82":3,"b:63:31:63:43:63:43:63:52":1,"f:67:40:67:55":2,"s:67:55:67:64":4,"f:74:20:74:35":3,"s:74:35:74:46":5,"b:47:21:47:29:47:29:47:Infinity":2}}}
}
